<?xml version="1.0" encoding="UTF-8"?>
<testng-results skipped="0" failed="0" total="1" passed="1">
  <reporter-output>
  </reporter-output>
  <suite name="com.appium.maven.mobile.hybrid.SampleTest" duration-ms="7967" started-at="2019-01-24T06:11:00Z" finished-at="2019-01-24T06:11:08Z">
    <groups>
    </groups>
    <test name="Command line test" duration-ms="7967" started-at="2019-01-24T06:11:00Z" finished-at="2019-01-24T06:11:08Z">
      <class name="com.appium.maven.mobile.hybrid.SampleTest">
        <test-method status="PASS" signature="testApp()[pri:0, instance:com.appium.maven.mobile.hybrid.SampleTest@62043840]" name="testApp" duration-ms="7957" started-at="2019-01-24T11:41:00Z" finished-at="2019-01-24T11:41:08Z">
          <reporter-output>
          </reporter-output>
        </test-method> <!-- testApp -->
      </class> <!-- com.appium.maven.mobile.hybrid.SampleTest -->
    </test> <!-- Command line test -->
  </suite> <!-- com.appium.maven.mobile.hybrid.SampleTest -->
</testng-results>
